---
0xe5cf539709118795aeee167d6626e45e0c21089e:0x0 *
0xe5cf539709118795aeee167d6626e45e0c21089e:0x2 *
0xe5cf539709118795aeee167d6626e45e0c21089e:0x4 *
0xe5cf539709118795aeee167d6626e45e0c21089e:0x5 *
0xe5cf539709118795aeee167d6626e45e0c21089e:0x6 *
0xe5cf539709118795aeee167d6626e45e0c21089e:0x7 *
0xe5cf539709118795aeee167d6626e45e0c21089e:0x8 *
0xe5cf539709118795aeee167d6626e45e0c21089e:0xb *
0xe5cf539709118795aeee167d6626e45e0c21089e:0x10 *
0xe5cf539709118795aeee167d6626e45e0c21089e:0x11 *
0xe5cf539709118795aeee167d6626e45e0c21089e:0x12 *
0xe5cf539709118795aeee167d6626e45e0c21089e:0x15 *
0xe5cf539709118795aeee167d6626e45e0c21089e:0x16 *
0xe5cf539709118795aeee167d6626e45e0c21089e:0x19 *
0xe5cf539709118795aeee167d6626e45e0c21089e:0x1b *
0xe5cf539709118795aeee167d6626e45e0c21089e:0x1c *
0xe5cf539709118795aeee167d6626e45e0c21089e:0x1e *
---
0xe5cf539709118795aeee167d6626e45e0c21089e:0x0 
0xe5cf539709118795aeee167d6626e45e0c21089e:0x2 
0xe5cf539709118795aeee167d6626e45e0c21089e:0x4 
0xe5cf539709118795aeee167d6626e45e0c21089e:0x5 
0xe5cf539709118795aeee167d6626e45e0c21089e:0x7 
0xe5cf539709118795aeee167d6626e45e0c21089e:0x8 
0xe5cf539709118795aeee167d6626e45e0c21089e:0x9 
0xe5cf539709118795aeee167d6626e45e0c21089e:0xc 
0xe5cf539709118795aeee167d6626e45e0c21089e:0xd 
0xe5cf539709118795aeee167d6626e45e0c21089e:0xf 
0xe5cf539709118795aeee167d6626e45e0c21089e:0x10 
0xe5cf539709118795aeee167d6626e45e0c21089e:0x2e 
0xe5cf539709118795aeee167d6626e45e0c21089e:0x2f 
0xe5cf539709118795aeee167d6626e45e0c21089e:0x30 
0xe5cf539709118795aeee167d6626e45e0c21089e:0x35 
0xe5cf539709118795aeee167d6626e45e0c21089e:0x36 
0xe5cf539709118795aeee167d6626e45e0c21089e:0x37 
0xe5cf539709118795aeee167d6626e45e0c21089e:0x3b 
0xe5cf539709118795aeee167d6626e45e0c21089e:0x3c 
0xe5cf539709118795aeee167d6626e45e0c21089e:0x3f 
0xe5cf539709118795aeee167d6626e45e0c21089e:0x40 
0xe5cf539709118795aeee167d6626e45e0c21089e:0x41 
0xe5cf539709118795aeee167d6626e45e0c21089e:0x46 
0xe5cf539709118795aeee167d6626e45e0c21089e:0x47 
0xe5cf539709118795aeee167d6626e45e0c21089e:0x4a 
0xe5cf539709118795aeee167d6626e45e0c21089e:0x99 
0xe5cf539709118795aeee167d6626e45e0c21089e:0x9a 
0xe5cf539709118795aeee167d6626e45e0c21089e:0x9b 
0xe5cf539709118795aeee167d6626e45e0c21089e:0x9c 
0xe5cf539709118795aeee167d6626e45e0c21089e:0x9d 
0xe5cf539709118795aeee167d6626e45e0c21089e:0xa0 
0xe5cf539709118795aeee167d6626e45e0c21089e:0xa5 
0xe5cf539709118795aeee167d6626e45e0c21089e:0xa6 
0xe5cf539709118795aeee167d6626e45e0c21089e:0xa7 
0xe5cf539709118795aeee167d6626e45e0c21089e:0xaa 
0xe5cf539709118795aeee167d6626e45e0c21089e:0xac 
0xe5cf539709118795aeee167d6626e45e0c21089e:0xad 
0xe5cf539709118795aeee167d6626e45e0c21089e:0xae 
0xe5cf539709118795aeee167d6626e45e0c21089e:0xaf 
0xe5cf539709118795aeee167d6626e45e0c21089e:0xb0 
0xe5cf539709118795aeee167d6626e45e0c21089e:0xb1 
0xe5cf539709118795aeee167d6626e45e0c21089e:0xb2 
0xe5cf539709118795aeee167d6626e45e0c21089e:0xb3 
0xe5cf539709118795aeee167d6626e45e0c21089e:0xb4 
0xe5cf539709118795aeee167d6626e45e0c21089e:0xb5 
0xe5cf539709118795aeee167d6626e45e0c21089e:0xca 
0xe5cf539709118795aeee167d6626e45e0c21089e:0xcb 
0xe5cf539709118795aeee167d6626e45e0c21089e:0xcc 
0xe5cf539709118795aeee167d6626e45e0c21089e:0xce 
0xe5cf539709118795aeee167d6626e45e0c21089e:0xcf 
0xe5cf539709118795aeee167d6626e45e0c21089e:0xd0 
0xe5cf539709118795aeee167d6626e45e0c21089e:0xd1 
0xe5cf539709118795aeee167d6626e45e0c21089e:0xd2 
0xe5cf539709118795aeee167d6626e45e0c21089e:0xd3 
0xe5cf539709118795aeee167d6626e45e0c21089e:0xd4 
0xe5cf539709118795aeee167d6626e45e0c21089e:0xd5 
0xe5cf539709118795aeee167d6626e45e0c21089e:0xd6 
0xe5cf539709118795aeee167d6626e45e0c21089e:0xd9 
0xe5cf539709118795aeee167d6626e45e0c21089e:0x1c3 
0xe5cf539709118795aeee167d6626e45e0c21089e:0x1c4 
0xe5cf539709118795aeee167d6626e45e0c21089e:0x1c6 
0xe5cf539709118795aeee167d6626e45e0c21089e:0x1c8 
0xe5cf539709118795aeee167d6626e45e0c21089e:0x1c9 
0xe5cf539709118795aeee167d6626e45e0c21089e:0x1ca 
0xe5cf539709118795aeee167d6626e45e0c21089e:0x1cc 
0xe5cf539709118795aeee167d6626e45e0c21089e:0x1cd 
0xe5cf539709118795aeee167d6626e45e0c21089e:0x1cf 
0xe5cf539709118795aeee167d6626e45e0c21089e:0x1d1 
0xe5cf539709118795aeee167d6626e45e0c21089e:0x1d2 
0xe5cf539709118795aeee167d6626e45e0c21089e:0x1d4 
0xe5cf539709118795aeee167d6626e45e0c21089e:0x1d5 
0xe5cf539709118795aeee167d6626e45e0c21089e:0x1d6 
0xe5cf539709118795aeee167d6626e45e0c21089e:0x1d7 
0xe5cf539709118795aeee167d6626e45e0c21089e:0x1d8 
0xe5cf539709118795aeee167d6626e45e0c21089e:0x1d9 
0xe5cf539709118795aeee167d6626e45e0c21089e:0x1da 
0xe5cf539709118795aeee167d6626e45e0c21089e:0xda 
0xe5cf539709118795aeee167d6626e45e0c21089e:0xdb 
0xe5cf539709118795aeee167d6626e45e0c21089e:0xdd 
0xe5cf539709118795aeee167d6626e45e0c21089e:0xde 
0xe5cf539709118795aeee167d6626e45e0c21089e:0xdf 
0xe5cf539709118795aeee167d6626e45e0c21089e:0xe0 
0xe5cf539709118795aeee167d6626e45e0c21089e:0xe1 
0xe5cf539709118795aeee167d6626e45e0c21089e:0xe2 
0xe5cf539709118795aeee167d6626e45e0c21089e:0xe4 
0xe5cf539709118795aeee167d6626e45e0c21089e:0xe5 
0xe5cf539709118795aeee167d6626e45e0c21089e:0xe6 
0xe5cf539709118795aeee167d6626e45e0c21089e:0xe7 
0xe5cf539709118795aeee167d6626e45e0c21089e:0xe8 
0xe5cf539709118795aeee167d6626e45e0c21089e:0xea 
0xe5cf539709118795aeee167d6626e45e0c21089e:0xeb 
0xe5cf539709118795aeee167d6626e45e0c21089e:0xec 
0xe5cf539709118795aeee167d6626e45e0c21089e:0xed 
0xe5cf539709118795aeee167d6626e45e0c21089e:0xee 
0xe5cf539709118795aeee167d6626e45e0c21089e:0xef 
---
0xe5cf539709118795aeee167d6626e45e0c21089e:0x0 
0xe5cf539709118795aeee167d6626e45e0c21089e:0x2 
0xe5cf539709118795aeee167d6626e45e0c21089e:0x4 
0xe5cf539709118795aeee167d6626e45e0c21089e:0x5 
0xe5cf539709118795aeee167d6626e45e0c21089e:0x7 
0xe5cf539709118795aeee167d6626e45e0c21089e:0x8 
0xe5cf539709118795aeee167d6626e45e0c21089e:0x9 
0xe5cf539709118795aeee167d6626e45e0c21089e:0xc 
0xe5cf539709118795aeee167d6626e45e0c21089e:0xd 
0xe5cf539709118795aeee167d6626e45e0c21089e:0xf 
0xe5cf539709118795aeee167d6626e45e0c21089e:0x10 
0xe5cf539709118795aeee167d6626e45e0c21089e:0x2e 
0xe5cf539709118795aeee167d6626e45e0c21089e:0x2f 
0xe5cf539709118795aeee167d6626e45e0c21089e:0x30 
0xe5cf539709118795aeee167d6626e45e0c21089e:0x35 
0xe5cf539709118795aeee167d6626e45e0c21089e:0x36 
0xe5cf539709118795aeee167d6626e45e0c21089e:0x37 
0xe5cf539709118795aeee167d6626e45e0c21089e:0x3b 
0xe5cf539709118795aeee167d6626e45e0c21089e:0x3c 
0xe5cf539709118795aeee167d6626e45e0c21089e:0x3f 
0xe5cf539709118795aeee167d6626e45e0c21089e:0x40 
0xe5cf539709118795aeee167d6626e45e0c21089e:0x41 
0xe5cf539709118795aeee167d6626e45e0c21089e:0x46 
0xe5cf539709118795aeee167d6626e45e0c21089e:0x47 
0xe5cf539709118795aeee167d6626e45e0c21089e:0x4a 
0xe5cf539709118795aeee167d6626e45e0c21089e:0x99 
0xe5cf539709118795aeee167d6626e45e0c21089e:0x9a 
0xe5cf539709118795aeee167d6626e45e0c21089e:0x9b 
0xe5cf539709118795aeee167d6626e45e0c21089e:0x9c 
0xe5cf539709118795aeee167d6626e45e0c21089e:0x9d 
0xe5cf539709118795aeee167d6626e45e0c21089e:0xa0 
0xe5cf539709118795aeee167d6626e45e0c21089e:0xa5 
0xe5cf539709118795aeee167d6626e45e0c21089e:0xa6 
0xe5cf539709118795aeee167d6626e45e0c21089e:0xa7 
0xe5cf539709118795aeee167d6626e45e0c21089e:0xaa 
0xe5cf539709118795aeee167d6626e45e0c21089e:0xac 
0xe5cf539709118795aeee167d6626e45e0c21089e:0xad 
0xe5cf539709118795aeee167d6626e45e0c21089e:0xae 
0xe5cf539709118795aeee167d6626e45e0c21089e:0xaf 
0xe5cf539709118795aeee167d6626e45e0c21089e:0xb0 
0xe5cf539709118795aeee167d6626e45e0c21089e:0xb1 
0xe5cf539709118795aeee167d6626e45e0c21089e:0xb2 
0xe5cf539709118795aeee167d6626e45e0c21089e:0xb3 
0xe5cf539709118795aeee167d6626e45e0c21089e:0xb4 
0xe5cf539709118795aeee167d6626e45e0c21089e:0xb5 
0xe5cf539709118795aeee167d6626e45e0c21089e:0xca 
0xe5cf539709118795aeee167d6626e45e0c21089e:0xcb 
0xe5cf539709118795aeee167d6626e45e0c21089e:0xcc 
0xe5cf539709118795aeee167d6626e45e0c21089e:0xce 
0xe5cf539709118795aeee167d6626e45e0c21089e:0xcf 
0xe5cf539709118795aeee167d6626e45e0c21089e:0xd0 
0xe5cf539709118795aeee167d6626e45e0c21089e:0xd1 
0xe5cf539709118795aeee167d6626e45e0c21089e:0xd2 
0xe5cf539709118795aeee167d6626e45e0c21089e:0xd3 
0xe5cf539709118795aeee167d6626e45e0c21089e:0xd4 
0xe5cf539709118795aeee167d6626e45e0c21089e:0xd5 
0xe5cf539709118795aeee167d6626e45e0c21089e:0xd6 
0xe5cf539709118795aeee167d6626e45e0c21089e:0xd9 
0xe5cf539709118795aeee167d6626e45e0c21089e:0x1c3 
0xe5cf539709118795aeee167d6626e45e0c21089e:0x1c4 
0xe5cf539709118795aeee167d6626e45e0c21089e:0x1c6 
0xe5cf539709118795aeee167d6626e45e0c21089e:0x1c8 
0xe5cf539709118795aeee167d6626e45e0c21089e:0x1c9 
0xe5cf539709118795aeee167d6626e45e0c21089e:0x1ca 
0xe5cf539709118795aeee167d6626e45e0c21089e:0x1cc 
0xe5cf539709118795aeee167d6626e45e0c21089e:0x1cd 
0xe5cf539709118795aeee167d6626e45e0c21089e:0x1cf 
0xe5cf539709118795aeee167d6626e45e0c21089e:0x1d1 
0xe5cf539709118795aeee167d6626e45e0c21089e:0x1d2 
0xe5cf539709118795aeee167d6626e45e0c21089e:0x1d4 
0xe5cf539709118795aeee167d6626e45e0c21089e:0x1d5 
0xe5cf539709118795aeee167d6626e45e0c21089e:0x1d6 
0xe5cf539709118795aeee167d6626e45e0c21089e:0x1d7 
0xe5cf539709118795aeee167d6626e45e0c21089e:0x1d8 
0xe5cf539709118795aeee167d6626e45e0c21089e:0x1d9 
0xe5cf539709118795aeee167d6626e45e0c21089e:0x1da 
0xe5cf539709118795aeee167d6626e45e0c21089e:0xda 
0xe5cf539709118795aeee167d6626e45e0c21089e:0xdb 
0xe5cf539709118795aeee167d6626e45e0c21089e:0xdd 
0xe5cf539709118795aeee167d6626e45e0c21089e:0xde 
0xe5cf539709118795aeee167d6626e45e0c21089e:0xdf 
0xe5cf539709118795aeee167d6626e45e0c21089e:0xe0 
0xe5cf539709118795aeee167d6626e45e0c21089e:0xe1 
0xe5cf539709118795aeee167d6626e45e0c21089e:0xe2 
0xe5cf539709118795aeee167d6626e45e0c21089e:0xe4 
0xe5cf539709118795aeee167d6626e45e0c21089e:0xe5 
0xe5cf539709118795aeee167d6626e45e0c21089e:0xe6 
0xe5cf539709118795aeee167d6626e45e0c21089e:0xe7 
0xe5cf539709118795aeee167d6626e45e0c21089e:0xe8 
0xe5cf539709118795aeee167d6626e45e0c21089e:0xea 
0xe5cf539709118795aeee167d6626e45e0c21089e:0xeb 
0xe5cf539709118795aeee167d6626e45e0c21089e:0xec 
0xe5cf539709118795aeee167d6626e45e0c21089e:0xed 
0xe5cf539709118795aeee167d6626e45e0c21089e:0xee 
0xe5cf539709118795aeee167d6626e45e0c21089e:0xef 
