---
0x53189e50b074fd528220efdd11c086596c786d1f:0x0 *
0x53189e50b074fd528220efdd11c086596c786d1f:0x2 *
0x53189e50b074fd528220efdd11c086596c786d1f:0x4 *
0x53189e50b074fd528220efdd11c086596c786d1f:0x5 *
0x53189e50b074fd528220efdd11c086596c786d1f:0xe *
0x53189e50b074fd528220efdd11c086596c786d1f:0x10 *
0x53189e50b074fd528220efdd11c086596c786d1f:0x11 *
0x53189e50b074fd528220efdd11c086596c786d1f:0x26 *
0x53189e50b074fd528220efdd11c086596c786d1f:0x28 *
0x53189e50b074fd528220efdd11c086596c786d1f:0x2a *
0x53189e50b074fd528220efdd11c086596c786d1f:0x2d *
0x53189e50b074fd528220efdd11c086596c786d1f:0x2e *
0x53189e50b074fd528220efdd11c086596c786d1f:0x2f *
0x53189e50b074fd528220efdd11c086596c786d1f:0x30 *
0x53189e50b074fd528220efdd11c086596c786d1f:0x31 *
0x53189e50b074fd528220efdd11c086596c786d1f:0x46 *
0x53189e50b074fd528220efdd11c086596c786d1f:0x47 *
0x53189e50b074fd528220efdd11c086596c786d1f:0x48 *
0x53189e50b074fd528220efdd11c086596c786d1f:0x49 *
0x53189e50b074fd528220efdd11c086596c786d1f:0x4a *
0x53189e50b074fd528220efdd11c086596c786d1f:0x4b *
0x53189e50b074fd528220efdd11c086596c786d1f:0x60 *
0x53189e50b074fd528220efdd11c086596c786d1f:0x61 *
0x53189e50b074fd528220efdd11c086596c786d1f:0x62 *
0x53189e50b074fd528220efdd11c086596c786d1f:0x63 *
0x53189e50b074fd528220efdd11c086596c786d1f:0x64 *
0x53189e50b074fd528220efdd11c086596c786d1f:0x65 *
0x53189e50b074fd528220efdd11c086596c786d1f:0x66 *
0x53189e50b074fd528220efdd11c086596c786d1f:0x67 *
0x53189e50b074fd528220efdd11c086596c786d1f:0x68 *
0x53189e50b074fd528220efdd11c086596c786d1f:0x6b *
0x53189e50b074fd528220efdd11c086596c786d1f:0x70 *
0x53189e50b074fd528220efdd11c086596c786d1f:0x71 *
0x53189e50b074fd528220efdd11c086596c786d1f:0x74 *
0x53189e50b074fd528220efdd11c086596c786d1f:0x75 *
0x53189e50b074fd528220efdd11c086596c786d1f:0x78 *
0x53189e50b074fd528220efdd11c086596c786d1f:0x7a *
0x53189e50b074fd528220efdd11c086596c786d1f:0x7b *
0x53189e50b074fd528220efdd11c086596c786d1f:0x7d *
---
0x53189e50b074fd528220efdd11c086596c786d1f:0x0 
0x53189e50b074fd528220efdd11c086596c786d1f:0x2 
0x53189e50b074fd528220efdd11c086596c786d1f:0x4 
0x53189e50b074fd528220efdd11c086596c786d1f:0x5 
0x53189e50b074fd528220efdd11c086596c786d1f:0x7 
0x53189e50b074fd528220efdd11c086596c786d1f:0x8 
0x53189e50b074fd528220efdd11c086596c786d1f:0x9 
0x53189e50b074fd528220efdd11c086596c786d1f:0xc 
0x53189e50b074fd528220efdd11c086596c786d1f:0xd 
0x53189e50b074fd528220efdd11c086596c786d1f:0xf 
0x53189e50b074fd528220efdd11c086596c786d1f:0x10 
0x53189e50b074fd528220efdd11c086596c786d1f:0x2e 
0x53189e50b074fd528220efdd11c086596c786d1f:0x2f 
0x53189e50b074fd528220efdd11c086596c786d1f:0x30 
0x53189e50b074fd528220efdd11c086596c786d1f:0x35 
0x53189e50b074fd528220efdd11c086596c786d1f:0x36 
0x53189e50b074fd528220efdd11c086596c786d1f:0x37 
0x53189e50b074fd528220efdd11c086596c786d1f:0x3c 
0x53189e50b074fd528220efdd11c086596c786d1f:0x3d 
0x53189e50b074fd528220efdd11c086596c786d1f:0x40 
0x53189e50b074fd528220efdd11c086596c786d1f:0x41 
0x53189e50b074fd528220efdd11c086596c786d1f:0x42 
0x53189e50b074fd528220efdd11c086596c786d1f:0x47 
0x53189e50b074fd528220efdd11c086596c786d1f:0x48 
0x53189e50b074fd528220efdd11c086596c786d1f:0x4b 
0x53189e50b074fd528220efdd11c086596c786d1f:0x4c 
0x53189e50b074fd528220efdd11c086596c786d1f:0x4d 
0x53189e50b074fd528220efdd11c086596c786d1f:0x52 
0x53189e50b074fd528220efdd11c086596c786d1f:0x53 
0x53189e50b074fd528220efdd11c086596c786d1f:0x56 
0x53189e50b074fd528220efdd11c086596c786d1f:0x57 
0x53189e50b074fd528220efdd11c086596c786d1f:0x58 
0x53189e50b074fd528220efdd11c086596c786d1f:0x5d 
0x53189e50b074fd528220efdd11c086596c786d1f:0x5e 
0x53189e50b074fd528220efdd11c086596c786d1f:0x61 
0x53189e50b074fd528220efdd11c086596c786d1f:0x62 
0x53189e50b074fd528220efdd11c086596c786d1f:0x63 
0x53189e50b074fd528220efdd11c086596c786d1f:0x68 
0x53189e50b074fd528220efdd11c086596c786d1f:0x69 
0x53189e50b074fd528220efdd11c086596c786d1f:0x6c 
0x53189e50b074fd528220efdd11c086596c786d1f:0x6d 
0x53189e50b074fd528220efdd11c086596c786d1f:0x6e 
0x53189e50b074fd528220efdd11c086596c786d1f:0x73 
0x53189e50b074fd528220efdd11c086596c786d1f:0x74 
0x53189e50b074fd528220efdd11c086596c786d1f:0x77 
0x53189e50b074fd528220efdd11c086596c786d1f:0x78 
0x53189e50b074fd528220efdd11c086596c786d1f:0x79 
0x53189e50b074fd528220efdd11c086596c786d1f:0x7e 
0x53189e50b074fd528220efdd11c086596c786d1f:0x7f 
0x53189e50b074fd528220efdd11c086596c786d1f:0x82 
0x53189e50b074fd528220efdd11c086596c786d1f:0x83 
0x53189e50b074fd528220efdd11c086596c786d1f:0x84 
0x53189e50b074fd528220efdd11c086596c786d1f:0x87 
0x53189e50b074fd528220efdd11c086596c786d1f:0x8a 
0x53189e50b074fd528220efdd11c086596c786d1f:0x196 
0x53189e50b074fd528220efdd11c086596c786d1f:0x197 
0x53189e50b074fd528220efdd11c086596c786d1f:0x198 
0x53189e50b074fd528220efdd11c086596c786d1f:0x19a 
0x53189e50b074fd528220efdd11c086596c786d1f:0x19b 
0x53189e50b074fd528220efdd11c086596c786d1f:0x19c 
0x53189e50b074fd528220efdd11c086596c786d1f:0x1b1 
0x53189e50b074fd528220efdd11c086596c786d1f:0x1b2 
0x53189e50b074fd528220efdd11c086596c786d1f:0x1c7 
0x53189e50b074fd528220efdd11c086596c786d1f:0x1c8 
0x53189e50b074fd528220efdd11c086596c786d1f:0x1c9 
0x53189e50b074fd528220efdd11c086596c786d1f:0x1ca 
0x53189e50b074fd528220efdd11c086596c786d1f:0x1cc 
0x53189e50b074fd528220efdd11c086596c786d1f:0x1cd 
0x53189e50b074fd528220efdd11c086596c786d1f:0x1ce 
0x53189e50b074fd528220efdd11c086596c786d1f:0x1cf 
0x53189e50b074fd528220efdd11c086596c786d1f:0x1d0 
0x53189e50b074fd528220efdd11c086596c786d1f:0x1d2 
0x53189e50b074fd528220efdd11c086596c786d1f:0x1d3 
0x53189e50b074fd528220efdd11c086596c786d1f:0x1d5 
0x53189e50b074fd528220efdd11c086596c786d1f:0x1d6 
0x53189e50b074fd528220efdd11c086596c786d1f:0x1d8 
0x53189e50b074fd528220efdd11c086596c786d1f:0x1d9 
0x53189e50b074fd528220efdd11c086596c786d1f:0x1da 
0x53189e50b074fd528220efdd11c086596c786d1f:0x1db 
0x53189e50b074fd528220efdd11c086596c786d1f:0x1dc 
0x53189e50b074fd528220efdd11c086596c786d1f:0x1dd 
0x53189e50b074fd528220efdd11c086596c786d1f:0x1de 
0x53189e50b074fd528220efdd11c086596c786d1f:0x1df 
0x53189e50b074fd528220efdd11c086596c786d1f:0x1e0 
0x53189e50b074fd528220efdd11c086596c786d1f:0x1e1 
0x53189e50b074fd528220efdd11c086596c786d1f:0x1e2 
0x53189e50b074fd528220efdd11c086596c786d1f:0x1e3 
0x53189e50b074fd528220efdd11c086596c786d1f:0x1e5 
0x53189e50b074fd528220efdd11c086596c786d1f:0x1e7 
0x53189e50b074fd528220efdd11c086596c786d1f:0x1e8 
0x53189e50b074fd528220efdd11c086596c786d1f:0x1e9 
0x53189e50b074fd528220efdd11c086596c786d1f:0x1ea 
0x53189e50b074fd528220efdd11c086596c786d1f:0x1ed 
0x53189e50b074fd528220efdd11c086596c786d1f:0x1ee 
0x53189e50b074fd528220efdd11c086596c786d1f:0x1ef 
0x53189e50b074fd528220efdd11c086596c786d1f:0x1f0 
0x53189e50b074fd528220efdd11c086596c786d1f:0x205 
0x53189e50b074fd528220efdd11c086596c786d1f:0x206 
0x53189e50b074fd528220efdd11c086596c786d1f:0x21b 
0x53189e50b074fd528220efdd11c086596c786d1f:0x2f3 
0x53189e50b074fd528220efdd11c086596c786d1f:0x2f4 
0x53189e50b074fd528220efdd11c086596c786d1f:0x8b 
0x53189e50b074fd528220efdd11c086596c786d1f:0x8c 
---
0x53189e50b074fd528220efdd11c086596c786d1f:0x0 
0x53189e50b074fd528220efdd11c086596c786d1f:0x2 
0x53189e50b074fd528220efdd11c086596c786d1f:0x4 
0x53189e50b074fd528220efdd11c086596c786d1f:0x5 
0x53189e50b074fd528220efdd11c086596c786d1f:0x7 
0x53189e50b074fd528220efdd11c086596c786d1f:0x8 
0x53189e50b074fd528220efdd11c086596c786d1f:0x9 
0x53189e50b074fd528220efdd11c086596c786d1f:0xc 
0x53189e50b074fd528220efdd11c086596c786d1f:0xd 
0x53189e50b074fd528220efdd11c086596c786d1f:0xf 
0x53189e50b074fd528220efdd11c086596c786d1f:0x10 
0x53189e50b074fd528220efdd11c086596c786d1f:0x2e 
0x53189e50b074fd528220efdd11c086596c786d1f:0x2f 
0x53189e50b074fd528220efdd11c086596c786d1f:0x30 
0x53189e50b074fd528220efdd11c086596c786d1f:0x35 
0x53189e50b074fd528220efdd11c086596c786d1f:0x36 
0x53189e50b074fd528220efdd11c086596c786d1f:0x37 
0x53189e50b074fd528220efdd11c086596c786d1f:0x3c 
0x53189e50b074fd528220efdd11c086596c786d1f:0x3d 
0x53189e50b074fd528220efdd11c086596c786d1f:0x40 
0x53189e50b074fd528220efdd11c086596c786d1f:0x41 
0x53189e50b074fd528220efdd11c086596c786d1f:0x42 
0x53189e50b074fd528220efdd11c086596c786d1f:0x47 
0x53189e50b074fd528220efdd11c086596c786d1f:0x48 
0x53189e50b074fd528220efdd11c086596c786d1f:0x4b 
0x53189e50b074fd528220efdd11c086596c786d1f:0x4c 
0x53189e50b074fd528220efdd11c086596c786d1f:0x4d 
0x53189e50b074fd528220efdd11c086596c786d1f:0x52 
0x53189e50b074fd528220efdd11c086596c786d1f:0x53 
0x53189e50b074fd528220efdd11c086596c786d1f:0x56 
0x53189e50b074fd528220efdd11c086596c786d1f:0x113 
0x53189e50b074fd528220efdd11c086596c786d1f:0x114 
0x53189e50b074fd528220efdd11c086596c786d1f:0x117 
0x53189e50b074fd528220efdd11c086596c786d1f:0x119 
0x53189e50b074fd528220efdd11c086596c786d1f:0x11a 
0x53189e50b074fd528220efdd11c086596c786d1f:0x11b 
0x53189e50b074fd528220efdd11c086596c786d1f:0x11c 
0x53189e50b074fd528220efdd11c086596c786d1f:0x11d 
0x53189e50b074fd528220efdd11c086596c786d1f:0x11f 
0x53189e50b074fd528220efdd11c086596c786d1f:0x120 
0x53189e50b074fd528220efdd11c086596c786d1f:0x121 
0x53189e50b074fd528220efdd11c086596c786d1f:0x122 
0x53189e50b074fd528220efdd11c086596c786d1f:0x123 
0x53189e50b074fd528220efdd11c086596c786d1f:0x124 
0x53189e50b074fd528220efdd11c086596c786d1f:0x125 
0x53189e50b074fd528220efdd11c086596c786d1f:0x128 
0x53189e50b074fd528220efdd11c086596c786d1f:0x36b 
0x53189e50b074fd528220efdd11c086596c786d1f:0x36c 
0x53189e50b074fd528220efdd11c086596c786d1f:0x36e 
0x53189e50b074fd528220efdd11c086596c786d1f:0x36f 
0x53189e50b074fd528220efdd11c086596c786d1f:0x371 
0x53189e50b074fd528220efdd11c086596c786d1f:0x372 
0x53189e50b074fd528220efdd11c086596c786d1f:0x373 
0x53189e50b074fd528220efdd11c086596c786d1f:0x388 
0x53189e50b074fd528220efdd11c086596c786d1f:0x389 
0x53189e50b074fd528220efdd11c086596c786d1f:0x39e 
0x53189e50b074fd528220efdd11c086596c786d1f:0x39f 
0x53189e50b074fd528220efdd11c086596c786d1f:0x3a0 
0x53189e50b074fd528220efdd11c086596c786d1f:0x3a1 
0x53189e50b074fd528220efdd11c086596c786d1f:0x3a3 
0x53189e50b074fd528220efdd11c086596c786d1f:0x3a4 
0x53189e50b074fd528220efdd11c086596c786d1f:0x3a5 
0x53189e50b074fd528220efdd11c086596c786d1f:0x3a6 
0x53189e50b074fd528220efdd11c086596c786d1f:0x3a7 
0x53189e50b074fd528220efdd11c086596c786d1f:0x3a9 
0x53189e50b074fd528220efdd11c086596c786d1f:0x3aa 
0x53189e50b074fd528220efdd11c086596c786d1f:0x3ac 
0x53189e50b074fd528220efdd11c086596c786d1f:0x3ad 
0x53189e50b074fd528220efdd11c086596c786d1f:0x3ae 
0x53189e50b074fd528220efdd11c086596c786d1f:0x3af 
0x53189e50b074fd528220efdd11c086596c786d1f:0x3b0 
0x53189e50b074fd528220efdd11c086596c786d1f:0x3b1 
0x53189e50b074fd528220efdd11c086596c786d1f:0x3b2 
0x53189e50b074fd528220efdd11c086596c786d1f:0x3b5 
0x53189e50b074fd528220efdd11c086596c786d1f:0x3b6 
0x53189e50b074fd528220efdd11c086596c786d1f:0x3b7 
0x53189e50b074fd528220efdd11c086596c786d1f:0x3b8 
0x53189e50b074fd528220efdd11c086596c786d1f:0x3ba 
0x53189e50b074fd528220efdd11c086596c786d1f:0x3bb 
0x53189e50b074fd528220efdd11c086596c786d1f:0x3bc 
0x53189e50b074fd528220efdd11c086596c786d1f:0x3d1 
0x53189e50b074fd528220efdd11c086596c786d1f:0x3d2 
0x53189e50b074fd528220efdd11c086596c786d1f:0x3e7 
0x53189e50b074fd528220efdd11c086596c786d1f:0x3e8 
0x53189e50b074fd528220efdd11c086596c786d1f:0x3e9 
0x53189e50b074fd528220efdd11c086596c786d1f:0x3ea 
0x53189e50b074fd528220efdd11c086596c786d1f:0x3ec 
0x53189e50b074fd528220efdd11c086596c786d1f:0x3ed 
0x53189e50b074fd528220efdd11c086596c786d1f:0x3ee 
0x53189e50b074fd528220efdd11c086596c786d1f:0x3ef 
0x53189e50b074fd528220efdd11c086596c786d1f:0x3f0 
0x53189e50b074fd528220efdd11c086596c786d1f:0x3f2 
0x53189e50b074fd528220efdd11c086596c786d1f:0x3f3 
0x53189e50b074fd528220efdd11c086596c786d1f:0x3f5 
0x53189e50b074fd528220efdd11c086596c786d1f:0x3f6 
0x53189e50b074fd528220efdd11c086596c786d1f:0x3f7 
0x53189e50b074fd528220efdd11c086596c786d1f:0x3f8 
0x53189e50b074fd528220efdd11c086596c786d1f:0x3f9 
0x53189e50b074fd528220efdd11c086596c786d1f:0x3fa 
0x53189e50b074fd528220efdd11c086596c786d1f:0x3fb 
0x53189e50b074fd528220efdd11c086596c786d1f:0x3fe 
0x53189e50b074fd528220efdd11c086596c786d1f:0x3ff 
0x53189e50b074fd528220efdd11c086596c786d1f:0x400 
0x53189e50b074fd528220efdd11c086596c786d1f:0x415 
0x53189e50b074fd528220efdd11c086596c786d1f:0x416 
0x53189e50b074fd528220efdd11c086596c786d1f:0x417 
0x53189e50b074fd528220efdd11c086596c786d1f:0x419 
0x53189e50b074fd528220efdd11c086596c786d1f:0x41a 
0x53189e50b074fd528220efdd11c086596c786d1f:0x41c 
0x53189e50b074fd528220efdd11c086596c786d1f:0x41e 
0x53189e50b074fd528220efdd11c086596c786d1f:0x41f 
0x53189e50b074fd528220efdd11c086596c786d1f:0x420 
0x53189e50b074fd528220efdd11c086596c786d1f:0x421 
0x53189e50b074fd528220efdd11c086596c786d1f:0x422 
0x53189e50b074fd528220efdd11c086596c786d1f:0x423 
0x53189e50b074fd528220efdd11c086596c786d1f:0x424 
0x53189e50b074fd528220efdd11c086596c786d1f:0x425 
0x53189e50b074fd528220efdd11c086596c786d1f:0x428 
0x53189e50b074fd528220efdd11c086596c786d1f:0x429 
---
0x3943d04c870b1ca1586ee2429f5ca0ed5b636909:0x0 
0x53189e50b074fd528220efdd11c086596c786d1f:0x42a 
0x53189e50b074fd528220efdd11c086596c786d1f:0x42b 
0x53189e50b074fd528220efdd11c086596c786d1f:0x42c 
0x53189e50b074fd528220efdd11c086596c786d1f:0x42d 
0x53189e50b074fd528220efdd11c086596c786d1f:0x42e 
0x53189e50b074fd528220efdd11c086596c786d1f:0x42f 
0x53189e50b074fd528220efdd11c086596c786d1f:0x430 
0x53189e50b074fd528220efdd11c086596c786d1f:0x433 
0x53189e50b074fd528220efdd11c086596c786d1f:0x434 
0x53189e50b074fd528220efdd11c086596c786d1f:0x435 
0x53189e50b074fd528220efdd11c086596c786d1f:0x437 
0x53189e50b074fd528220efdd11c086596c786d1f:0x438 
0x53189e50b074fd528220efdd11c086596c786d1f:0x439 
0x53189e50b074fd528220efdd11c086596c786d1f:0x44e 
0x53189e50b074fd528220efdd11c086596c786d1f:0x44f 
0x53189e50b074fd528220efdd11c086596c786d1f:0x464 
0x53189e50b074fd528220efdd11c086596c786d1f:0x465 
0x53189e50b074fd528220efdd11c086596c786d1f:0x466 
0x53189e50b074fd528220efdd11c086596c786d1f:0x467 
0x53189e50b074fd528220efdd11c086596c786d1f:0x469 
0x53189e50b074fd528220efdd11c086596c786d1f:0x46a 
0x53189e50b074fd528220efdd11c086596c786d1f:0x46b 
0x53189e50b074fd528220efdd11c086596c786d1f:0x46c 
0x53189e50b074fd528220efdd11c086596c786d1f:0x46d 
0x53189e50b074fd528220efdd11c086596c786d1f:0x46f 
0x53189e50b074fd528220efdd11c086596c786d1f:0x470 
0x53189e50b074fd528220efdd11c086596c786d1f:0x472 
0x53189e50b074fd528220efdd11c086596c786d1f:0x473 
0x53189e50b074fd528220efdd11c086596c786d1f:0x475 
0x53189e50b074fd528220efdd11c086596c786d1f:0x476 
0x53189e50b074fd528220efdd11c086596c786d1f:0x477 
0x53189e50b074fd528220efdd11c086596c786d1f:0x478 
0x53189e50b074fd528220efdd11c086596c786d1f:0x479 
0x53189e50b074fd528220efdd11c086596c786d1f:0x47a 
0x53189e50b074fd528220efdd11c086596c786d1f:0x47b 
0x53189e50b074fd528220efdd11c086596c786d1f:0x47c 
0x53189e50b074fd528220efdd11c086596c786d1f:0x47d 
0x53189e50b074fd528220efdd11c086596c786d1f:0x47e 
0x53189e50b074fd528220efdd11c086596c786d1f:0x47f 
0x53189e50b074fd528220efdd11c086596c786d1f:0x480 
0x53189e50b074fd528220efdd11c086596c786d1f:0x482 
0x53189e50b074fd528220efdd11c086596c786d1f:0x484 
0x53189e50b074fd528220efdd11c086596c786d1f:0x485 
0x53189e50b074fd528220efdd11c086596c786d1f:0x486 
0x53189e50b074fd528220efdd11c086596c786d1f:0x487 
0x53189e50b074fd528220efdd11c086596c786d1f:0x48a 
0x53189e50b074fd528220efdd11c086596c786d1f:0x48b 
0x53189e50b074fd528220efdd11c086596c786d1f:0x48c 
0x53189e50b074fd528220efdd11c086596c786d1f:0x48d 
0x53189e50b074fd528220efdd11c086596c786d1f:0x4a2 
0x53189e50b074fd528220efdd11c086596c786d1f:0x4a3 
0x53189e50b074fd528220efdd11c086596c786d1f:0x4b8 
0x53189e50b074fd528220efdd11c086596c786d1f:0x590 
0x53189e50b074fd528220efdd11c086596c786d1f:0x591 
0x53189e50b074fd528220efdd11c086596c786d1f:0x592 
0x53189e50b074fd528220efdd11c086596c786d1f:0x593 
0x53189e50b074fd528220efdd11c086596c786d1f:0x594 
0x53189e50b074fd528220efdd11c086596c786d1f:0x129 
0x53189e50b074fd528220efdd11c086596c786d1f:0x12a 
