---
0x2659d564c127c0aa68ce32b4515418ad4285cc23:0x0 *
0x2659d564c127c0aa68ce32b4515418ad4285cc23:0x2 *
0x2659d564c127c0aa68ce32b4515418ad4285cc23:0x4 *
0x2659d564c127c0aa68ce32b4515418ad4285cc23:0x5 *
0x2659d564c127c0aa68ce32b4515418ad4285cc23:0x6 *
0x2659d564c127c0aa68ce32b4515418ad4285cc23:0x7 *
0x2659d564c127c0aa68ce32b4515418ad4285cc23:0x8 *
0x2659d564c127c0aa68ce32b4515418ad4285cc23:0xb *
0x2659d564c127c0aa68ce32b4515418ad4285cc23:0x10 *
0x2659d564c127c0aa68ce32b4515418ad4285cc23:0x11 *
0x2659d564c127c0aa68ce32b4515418ad4285cc23:0x12 *
0x2659d564c127c0aa68ce32b4515418ad4285cc23:0x15 *
0x2659d564c127c0aa68ce32b4515418ad4285cc23:0x16 *
0x2659d564c127c0aa68ce32b4515418ad4285cc23:0x19 *
0x2659d564c127c0aa68ce32b4515418ad4285cc23:0x1b *
0x2659d564c127c0aa68ce32b4515418ad4285cc23:0x1c *
0x2659d564c127c0aa68ce32b4515418ad4285cc23:0x1e *
---
0x2659d564c127c0aa68ce32b4515418ad4285cc23:0x0 
0x2659d564c127c0aa68ce32b4515418ad4285cc23:0x2 
0x2659d564c127c0aa68ce32b4515418ad4285cc23:0x4 
0x2659d564c127c0aa68ce32b4515418ad4285cc23:0x5 
0x2659d564c127c0aa68ce32b4515418ad4285cc23:0x7 
0x2659d564c127c0aa68ce32b4515418ad4285cc23:0x8 
0x2659d564c127c0aa68ce32b4515418ad4285cc23:0x9 
0x2659d564c127c0aa68ce32b4515418ad4285cc23:0xc 
0x2659d564c127c0aa68ce32b4515418ad4285cc23:0xd 
0x2659d564c127c0aa68ce32b4515418ad4285cc23:0xf 
0x2659d564c127c0aa68ce32b4515418ad4285cc23:0x10 
0x2659d564c127c0aa68ce32b4515418ad4285cc23:0x2e 
0x2659d564c127c0aa68ce32b4515418ad4285cc23:0x2f 
0x2659d564c127c0aa68ce32b4515418ad4285cc23:0x30 
0x2659d564c127c0aa68ce32b4515418ad4285cc23:0x35 
0x2659d564c127c0aa68ce32b4515418ad4285cc23:0x36 
0x2659d564c127c0aa68ce32b4515418ad4285cc23:0x37 
0x2659d564c127c0aa68ce32b4515418ad4285cc23:0x3c 
0x2659d564c127c0aa68ce32b4515418ad4285cc23:0x3d 
0x2659d564c127c0aa68ce32b4515418ad4285cc23:0x40 
0x2659d564c127c0aa68ce32b4515418ad4285cc23:0x41 
0x2659d564c127c0aa68ce32b4515418ad4285cc23:0x42 
0x2659d564c127c0aa68ce32b4515418ad4285cc23:0x47 
0x2659d564c127c0aa68ce32b4515418ad4285cc23:0x48 
0x2659d564c127c0aa68ce32b4515418ad4285cc23:0x4b 
0x2659d564c127c0aa68ce32b4515418ad4285cc23:0x68 
0x2659d564c127c0aa68ce32b4515418ad4285cc23:0x69 
0x2659d564c127c0aa68ce32b4515418ad4285cc23:0x6a 
0x2659d564c127c0aa68ce32b4515418ad4285cc23:0x6b 
0x2659d564c127c0aa68ce32b4515418ad4285cc23:0x6c 
0x2659d564c127c0aa68ce32b4515418ad4285cc23:0x6f 
0x2659d564c127c0aa68ce32b4515418ad4285cc23:0x74 
0x2659d564c127c0aa68ce32b4515418ad4285cc23:0x75 
0x2659d564c127c0aa68ce32b4515418ad4285cc23:0x76 
0x2659d564c127c0aa68ce32b4515418ad4285cc23:0x79 
0x2659d564c127c0aa68ce32b4515418ad4285cc23:0x7b 
0x2659d564c127c0aa68ce32b4515418ad4285cc23:0x7c 
0x2659d564c127c0aa68ce32b4515418ad4285cc23:0x7d 
0x2659d564c127c0aa68ce32b4515418ad4285cc23:0x7e 
0x2659d564c127c0aa68ce32b4515418ad4285cc23:0x7f 
0x2659d564c127c0aa68ce32b4515418ad4285cc23:0x80 
0x2659d564c127c0aa68ce32b4515418ad4285cc23:0x81 
0x2659d564c127c0aa68ce32b4515418ad4285cc23:0x82 
0x2659d564c127c0aa68ce32b4515418ad4285cc23:0x83 
0x2659d564c127c0aa68ce32b4515418ad4285cc23:0x84 
0x2659d564c127c0aa68ce32b4515418ad4285cc23:0x99 
0x2659d564c127c0aa68ce32b4515418ad4285cc23:0x9a 
0x2659d564c127c0aa68ce32b4515418ad4285cc23:0x9b 
0x2659d564c127c0aa68ce32b4515418ad4285cc23:0x9d 
0x2659d564c127c0aa68ce32b4515418ad4285cc23:0x9e 
0x2659d564c127c0aa68ce32b4515418ad4285cc23:0x9f 
0x2659d564c127c0aa68ce32b4515418ad4285cc23:0xa0 
0x2659d564c127c0aa68ce32b4515418ad4285cc23:0xa1 
0x2659d564c127c0aa68ce32b4515418ad4285cc23:0xa2 
0x2659d564c127c0aa68ce32b4515418ad4285cc23:0xa3 
0x2659d564c127c0aa68ce32b4515418ad4285cc23:0xa4 
0x2659d564c127c0aa68ce32b4515418ad4285cc23:0xa5 
0x2659d564c127c0aa68ce32b4515418ad4285cc23:0xa7 
0x2659d564c127c0aa68ce32b4515418ad4285cc23:0xa8 
0x2659d564c127c0aa68ce32b4515418ad4285cc23:0xa9 
0x2659d564c127c0aa68ce32b4515418ad4285cc23:0xaa 
0x2659d564c127c0aa68ce32b4515418ad4285cc23:0xab 
0x2659d564c127c0aa68ce32b4515418ad4285cc23:0xac 
0x2659d564c127c0aa68ce32b4515418ad4285cc23:0xad 
0x2659d564c127c0aa68ce32b4515418ad4285cc23:0xae 
0x2659d564c127c0aa68ce32b4515418ad4285cc23:0xaf 
0x2659d564c127c0aa68ce32b4515418ad4285cc23:0xb2 
0x2659d564c127c0aa68ce32b4515418ad4285cc23:0x181 
0x2659d564c127c0aa68ce32b4515418ad4285cc23:0x182 
0x2659d564c127c0aa68ce32b4515418ad4285cc23:0x183 
0x2659d564c127c0aa68ce32b4515418ad4285cc23:0x185 
0x2659d564c127c0aa68ce32b4515418ad4285cc23:0x186 
0x2659d564c127c0aa68ce32b4515418ad4285cc23:0x187 
0x2659d564c127c0aa68ce32b4515418ad4285cc23:0x19c 
0x2659d564c127c0aa68ce32b4515418ad4285cc23:0x19d 
0x2659d564c127c0aa68ce32b4515418ad4285cc23:0x1b2 
0x2659d564c127c0aa68ce32b4515418ad4285cc23:0x1b3 
0x2659d564c127c0aa68ce32b4515418ad4285cc23:0x1b4 
0x2659d564c127c0aa68ce32b4515418ad4285cc23:0x1b5 
0x2659d564c127c0aa68ce32b4515418ad4285cc23:0x1b7 
0x2659d564c127c0aa68ce32b4515418ad4285cc23:0x1b8 
0x2659d564c127c0aa68ce32b4515418ad4285cc23:0x1b9 
0x2659d564c127c0aa68ce32b4515418ad4285cc23:0x1ba 
0x2659d564c127c0aa68ce32b4515418ad4285cc23:0x1bb 
0x2659d564c127c0aa68ce32b4515418ad4285cc23:0x1bd 
0x2659d564c127c0aa68ce32b4515418ad4285cc23:0x1be 
0x2659d564c127c0aa68ce32b4515418ad4285cc23:0x1c0 
0x2659d564c127c0aa68ce32b4515418ad4285cc23:0x1c1 
0x2659d564c127c0aa68ce32b4515418ad4285cc23:0x1c2 
0x2659d564c127c0aa68ce32b4515418ad4285cc23:0x1c3 
0x2659d564c127c0aa68ce32b4515418ad4285cc23:0x1c4 
0x2659d564c127c0aa68ce32b4515418ad4285cc23:0x1c5 
0x2659d564c127c0aa68ce32b4515418ad4285cc23:0x1c8 
0x2659d564c127c0aa68ce32b4515418ad4285cc23:0x261 
0x2659d564c127c0aa68ce32b4515418ad4285cc23:0x262 
0x2659d564c127c0aa68ce32b4515418ad4285cc23:0x263 
0x2659d564c127c0aa68ce32b4515418ad4285cc23:0x264 
0x2659d564c127c0aa68ce32b4515418ad4285cc23:0xb3 
0x2659d564c127c0aa68ce32b4515418ad4285cc23:0xb4 
---
0x2659d564c127c0aa68ce32b4515418ad4285cc23:0x0 
0x2659d564c127c0aa68ce32b4515418ad4285cc23:0x2 
0x2659d564c127c0aa68ce32b4515418ad4285cc23:0x4 
0x2659d564c127c0aa68ce32b4515418ad4285cc23:0x5 
0x2659d564c127c0aa68ce32b4515418ad4285cc23:0x7 
0x2659d564c127c0aa68ce32b4515418ad4285cc23:0x8 
0x2659d564c127c0aa68ce32b4515418ad4285cc23:0x9 
0x2659d564c127c0aa68ce32b4515418ad4285cc23:0xc 
0x2659d564c127c0aa68ce32b4515418ad4285cc23:0xd 
0x2659d564c127c0aa68ce32b4515418ad4285cc23:0xf 
0x2659d564c127c0aa68ce32b4515418ad4285cc23:0x10 
0x2659d564c127c0aa68ce32b4515418ad4285cc23:0x2e 
0x2659d564c127c0aa68ce32b4515418ad4285cc23:0x2f 
0x2659d564c127c0aa68ce32b4515418ad4285cc23:0x30 
0x2659d564c127c0aa68ce32b4515418ad4285cc23:0x35 
0x2659d564c127c0aa68ce32b4515418ad4285cc23:0x36 
0x2659d564c127c0aa68ce32b4515418ad4285cc23:0x37 
0x2659d564c127c0aa68ce32b4515418ad4285cc23:0x3c 
0x2659d564c127c0aa68ce32b4515418ad4285cc23:0x3d 
0x2659d564c127c0aa68ce32b4515418ad4285cc23:0x40 
0x2659d564c127c0aa68ce32b4515418ad4285cc23:0x41 
0x2659d564c127c0aa68ce32b4515418ad4285cc23:0x42 
0x2659d564c127c0aa68ce32b4515418ad4285cc23:0x47 
0x2659d564c127c0aa68ce32b4515418ad4285cc23:0x48 
0x2659d564c127c0aa68ce32b4515418ad4285cc23:0x4b 
0x2659d564c127c0aa68ce32b4515418ad4285cc23:0x68 
0x2659d564c127c0aa68ce32b4515418ad4285cc23:0x69 
0x2659d564c127c0aa68ce32b4515418ad4285cc23:0x6a 
0x2659d564c127c0aa68ce32b4515418ad4285cc23:0x6b 
0x2659d564c127c0aa68ce32b4515418ad4285cc23:0x6c 
0x2659d564c127c0aa68ce32b4515418ad4285cc23:0x6f 
0x2659d564c127c0aa68ce32b4515418ad4285cc23:0x70 
0x2659d564c127c0aa68ce32b4515418ad4285cc23:0x72 
0x2659d564c127c0aa68ce32b4515418ad4285cc23:0x73 
